Command line invocation:
    /Applications/Xcode.app/Contents/Developer/usr/bin/xcodebuild -project SupportingFiles/StryVr.xcodeproj -scheme StryVr -destination "platform=iOS Simulator,name=iPhone 16 Pro,OS=18.3.1" build

User defaults from command line:
    IDEPackageSupportUseBuiltinSCM = YES

Resolve Package Graph

Updating from https://github.com/kishikawakatsumi/KeychainAccess

Updating from https://github.com/airbnb/lottie-ios.git

Updating from https://github.com/swiftlang/swift-syntax

Updating from https://github.com/pointfreeco/swift-url-routing

Updating from https://github.com/pointfreeco/xctest-dynamic-overlay

Updating from https://github.com/DaveWoodCom/XCGLogger

Updating from https://github.com/kean/Pulse

Updating from https://github.com/stasel/WebRTC.git

Updating from https://github.com/simibac/ConfettiSwiftUI

Updating from https://github.com/siteline/SwiftUI-Introspect

Updating from https://github.com/apple/swift-log

Updating from https://github.com/firebase/firebase-ios-sdk

Updating from https://github.com/apple/swift-collections

Updating from https://github.com/openid/AppAuth-iOS.git

Updating from https://github.com/pointfreeco/swift-parsing

Updating from https://github.com/kasketis/netfox

Updating from https://github.com/CocoaLumberjack/CocoaLumberjack

Updating from https://github.com/pointfreeco/swift-case-paths

Updating from https://github.com/google/interop-ios-for-google-sdks.git

Updating from https://github.com/firebase/leveldb.git

Updating from https://github.com/google/app-check.git

Updating from https://github.com/google/grpc-binary.git

Updating from https://github.com/google/abseil-cpp-binary.git

Updating from https://github.com/firebase/nanopb.git

Updating from https://github.com/google/gtm-session-fetcher.git

Updating from https://github.com/google/GoogleUtilities.git

Updating from https://github.com/google/GoogleDataTransport.git

Updating from https://github.com/google/GoogleAppMeasurement.git

Updating from https://github.com/apple/swift-protobuf.git

Updating from https://github.com/google/promises.git

Creating working copy of package ‘firebase-ios-sdk’

Checking out 10.29.0 of package ‘firebase-ios-sdk’

Checking out 1.30.0 of package ‘swift-protobuf’


Resolved source packages:
  GoogleAppMeasurement: https://github.com/google/GoogleAppMeasurement.git @ 10.28.0
  gRPC: https://github.com/google/grpc-binary.git @ 1.62.2
  swiftui-introspect: https://github.com/siteline/SwiftUI-Introspect @ 1.3.0
  swift-collections: https://github.com/apple/swift-collections @ 1.1.4
  ConfettiSwiftUI: https://github.com/simibac/ConfettiSwiftUI @ 1.1.0
  SwiftProtobuf: https://github.com/apple/swift-protobuf.git @ 1.30.0
  leveldb: https://github.com/firebase/leveldb.git @ 1.22.5
  AppAuth: https://github.com/openid/AppAuth-iOS.git @ 2.0.0
  swift-case-paths: https://github.com/pointfreeco/swift-case-paths @ 1.7.0
  CocoaLumberjack: https://github.com/CocoaLumberjack/CocoaLumberjack @ 3.8.5
  GTMSessionFetcher: https://github.com/google/gtm-session-fetcher.git @ 3.5.0
  swift-url-routing: https://github.com/pointfreeco/swift-url-routing @ 0.6.2
  WebRTC: https://github.com/stasel/WebRTC.git @ 136.0.0
  AppCheck: https://github.com/google/app-check.git @ 10.19.2
  GoogleUtilities: https://github.com/google/GoogleUtilities.git @ 7.13.3
  xctest-dynamic-overlay: https://github.com/pointfreeco/xctest-dynamic-overlay @ 1.5.2
  Pulse: https://github.com/kean/Pulse @ 2.1.5
  XCGLogger: https://github.com/DaveWoodCom/XCGLogger @ 7.1.5
  swift-syntax: https://github.com/swiftlang/swift-syntax @ 601.0.1
  netfox: https://github.com/kasketis/netfox @ 1.21.0
  nanopb: https://github.com/firebase/nanopb.git @ 2.30910.0
  Firebase: https://github.com/firebase/firebase-ios-sdk @ 10.29.0
  swift-parsing: https://github.com/pointfreeco/swift-parsing @ 0.14.1
  abseil: https://github.com/google/abseil-cpp-binary.git @ 1.2024011602.0
  Promises: https://github.com/google/promises.git @ 2.4.0
  swift-log: https://github.com/apple/swift-log @ 1.6.3
  Lottie: https://github.com/airbnb/lottie-ios.git @ 4.5.1
  GoogleDataTransport: https://github.com/google/GoogleDataTransport.git @ 9.4.0
  InteropForGoogle: https://github.com/google/interop-ios-for-google-sdks.git @ 100.0.0
  KeychainAccess: https://github.com/kishikawakatsumi/KeychainAccess @ master (e0c7eeb)

2025-07-27 20:35:55.278 xcodebuild[70190:1451347] Writing error result bundle to /var/folders/14/8y35jd611z1ffjs0t1y6wsx80000gn/T/ResultBundle_2025-27-07_20-35-0055.xcresult
xcodebuild: error: Unable to find a device matching the provided destination specifier:
		{ platform:iOS Simulator, OS:18.3.1, name:iPhone 16 Pro }

	The requested device could not be found because no available devices matched the request.

	Available destinations for the "StryVr" scheme:
		{ platform:iOS, arch:arm64, id:00008130-000A418C3A10001C, name:Joe’s Phone  }
		{ platform:iOS, id:dvtdevice-DVTiPhonePlaceholder-iphoneos:placeholder, name:Any iOS Device }
		{ platform:iOS Simulator, id:dvtdevice-DVTiOSDeviceSimulatorPlaceholder-iphonesimulator:placeholder, name:Any iOS Simulator Device }
